2025-09-29 19:24:29.504  INFO 4068 --- [main] com.redis.jedis.MasterApplication        : Starting MasterApplication using Java 1.8.0_462 on Mac with PID 4068 (/Users/lm/Documents/projects/springboot-jgit/cursor/master/target/classes started by lm in /Users/lm/Documents/projects/springboot-jgit/cursor)
2025-09-29 19:24:29.510  INFO 4068 --- [main] com.redis.jedis.MasterApplication        : No active profile set, falling back to 1 default profile: "default"
2025-09-29 19:24:30.005  INFO 4068 --- [main] o.s.b.w.embedded.tomcat.TomcatWebServer  : Tomcat initialized with port(s): 8080 (http)
2025-09-29 19:24:30.009  INFO 4068 --- [main] o.apache.catalina.core.StandardService   : Starting service [Tomcat]
2025-09-29 19:24:30.009  INFO 4068 --- [main] org.apache.catalina.core.StandardEngine  : Starting Servlet engine: [Apache Tomcat/9.0.83]
2025-09-29 19:24:30.045  INFO 4068 --- [main] o.a.c.c.C.[Tomcat].[localhost].[/]       : Initializing Spring embedded WebApplicationContext
2025-09-29 19:24:30.045  INFO 4068 --- [main] w.s.c.ServletWebServerApplicationContext : Root WebApplicationContext: initialization completed in 515 ms
2025-09-29 19:24:30.462  INFO 4068 --- [main] o.s.b.w.embedded.tomcat.TomcatWebServer  : Tomcat started on port(s): 8080 (http) with context path ''
2025-09-29 19:24:30.648  INFO 4068 --- [main] com.redis.jedis.MasterApplication        : Started MasterApplication in 1.327 seconds (JVM running for 1.485)
2025-09-29 19:25:44.243  INFO 4068 --- [http-nio-8080-exec-1] o.a.c.c.C.[Tomcat].[localhost].[/]       : Initializing Spring DispatcherServlet 'dispatcherServlet'
2025-09-29 19:25:44.243  INFO 4068 --- [http-nio-8080-exec-1] o.s.web.servlet.DispatcherServlet        : Initializing Servlet 'dispatcherServlet'
2025-09-29 19:25:44.246  INFO 4068 --- [http-nio-8080-exec-1] o.s.web.servlet.DispatcherServlet        : Completed initialization in 2 ms
2025-09-29 19:25:44.263  WARN 4068 --- [http-nio-8080-exec-2] o.s.web.servlet.PageNotFound             : No mapping for OPTIONS /
2025-09-29 19:25:44.263  WARN 4068 --- [http-nio-8080-exec-3] o.s.web.servlet.PageNotFound             : No mapping for GET /favicon.ico
2025-09-29 19:28:40.125  INFO 4995 --- [main] com.redis.jedis.MasterApplication        : Starting MasterApplication using Java 1.8.0_462 on Mac with PID 4995 (/Users/lm/Documents/projects/springboot-jgit/cursor/master/target/classes started by lm in /Users/lm/Documents/projects/springboot-jgit/cursor)
2025-09-29 19:28:40.126  INFO 4995 --- [main] com.redis.jedis.MasterApplication        : No active profile set, falling back to 1 default profile: "default"
2025-09-29 19:28:40.678  INFO 4995 --- [main] o.s.b.w.embedded.tomcat.TomcatWebServer  : Tomcat initialized with port(s): 8080 (http)
2025-09-29 19:28:40.684  INFO 4995 --- [main] o.apache.catalina.core.StandardService   : Starting service [Tomcat]
2025-09-29 19:28:40.684  INFO 4995 --- [main] org.apache.catalina.core.StandardEngine  : Starting Servlet engine: [Apache Tomcat/9.0.83]
2025-09-29 19:28:40.716  INFO 4995 --- [main] o.a.c.c.C.[Tomcat].[localhost].[/]       : Initializing Spring embedded WebApplicationContext
2025-09-29 19:28:40.716  INFO 4995 --- [main] w.s.c.ServletWebServerApplicationContext : Root WebApplicationContext: initialization completed in 567 ms
2025-09-29 19:28:41.143  INFO 4995 --- [main] o.s.b.w.embedded.tomcat.TomcatWebServer  : Tomcat started on port(s): 8080 (http) with context path ''
2025-09-29 19:28:41.357  INFO 4995 --- [main] com.redis.jedis.MasterApplication        : Started MasterApplication in 1.499 seconds (JVM running for 1.676)
2025-09-29 19:28:48.749  INFO 4995 --- [http-nio-8080-exec-1] o.a.c.c.C.[Tomcat].[localhost].[/]       : Initializing Spring DispatcherServlet 'dispatcherServlet'
2025-09-29 19:28:48.749  INFO 4995 --- [http-nio-8080-exec-1] o.s.web.servlet.DispatcherServlet        : Initializing Servlet 'dispatcherServlet'
2025-09-29 19:28:48.750  INFO 4995 --- [http-nio-8080-exec-1] o.s.web.servlet.DispatcherServlet        : Completed initialization in 1 ms
2025-09-29 19:48:08.969  INFO 6643 --- [main] com.redis.jedis.MasterApplication        : Starting MasterApplication using Java 1.8.0_462 on Mac with PID 6643 (/Users/lm/Documents/projects/springboot-jgit/cursor/master/target/classes started by lm in /Users/lm/Documents/projects/springboot-jgit/cursor)
2025-09-29 19:48:08.970  INFO 6643 --- [main] com.redis.jedis.MasterApplication        : No active profile set, falling back to 1 default profile: "default"
2025-09-29 19:48:09.475  INFO 6643 --- [main] o.s.b.w.embedded.tomcat.TomcatWebServer  : Tomcat initialized with port(s): 8080 (http)
2025-09-29 19:48:09.479  INFO 6643 --- [main] o.apache.catalina.core.StandardService   : Starting service [Tomcat]
2025-09-29 19:48:09.480  INFO 6643 --- [main] org.apache.catalina.core.StandardEngine  : Starting Servlet engine: [Apache Tomcat/9.0.83]
2025-09-29 19:48:09.514  INFO 6643 --- [main] o.a.c.c.C.[Tomcat].[localhost].[/]       : Initializing Spring embedded WebApplicationContext
2025-09-29 19:48:09.514  INFO 6643 --- [main] w.s.c.ServletWebServerApplicationContext : Root WebApplicationContext: initialization completed in 519 ms
2025-09-29 19:48:09.557  WARN 6643 --- [main] ConfigServletWebServerApplicationContext : Exception encountered during context initialization - cancelling refresh attempt: org.springframework.beans.factory.UnsatisfiedDependencyException: Error creating bean with name 'deployController': Unsatisfied dependency expressed through field 'deployService'; nested exception is org.springframework.beans.factory.UnsatisfiedDependencyException: Error creating bean with name 'deployService': Unsatisfied dependency expressed through field 'jedisCluster'; nested exception is org.springframework.beans.factory.NoSuchBeanDefinitionException: No qualifying bean of type 'redis.clients.jedis.JedisCluster' available: expected at least 1 bean which qualifies as autowire candidate. Dependency annotations: {@org.springframework.beans.factory.annotation.Autowired(required=true)}
2025-09-29 19:48:09.558  INFO 6643 --- [main] o.apache.catalina.core.StandardService   : Stopping service [Tomcat]
2025-09-29 19:48:09.568  INFO 6643 --- [main] ConditionEvaluationReportLoggingListener : 

Error starting ApplicationContext. To display the conditions report re-run your application with 'debug' enabled.
2025-09-29 19:48:09.596 ERROR 6643 --- [main] o.s.b.d.LoggingFailureAnalysisReporter   : 

***************************
APPLICATION FAILED TO START
***************************

Description:

Field jedisCluster in com.redis.jedis.service.DeployService required a bean of type 'redis.clients.jedis.JedisCluster' that could not be found.

The injection point has the following annotations:
	- @org.springframework.beans.factory.annotation.Autowired(required=true)


Action:

Consider defining a bean of type 'redis.clients.jedis.JedisCluster' in your configuration.

2025-09-29 19:49:59.517  INFO 7095 --- [main] com.redis.jedis.MasterApplication        : Starting MasterApplication using Java 1.8.0_462 on Mac with PID 7095 (/Users/lm/Documents/projects/springboot-jgit/cursor/master/target/classes started by lm in /Users/lm/Documents/projects/springboot-jgit/cursor)
2025-09-29 19:49:59.518  INFO 7095 --- [main] com.redis.jedis.MasterApplication        : No active profile set, falling back to 1 default profile: "default"
2025-09-29 19:50:00.035  INFO 7095 --- [main] o.s.b.w.embedded.tomcat.TomcatWebServer  : Tomcat initialized with port(s): 8080 (http)
2025-09-29 19:50:00.039  INFO 7095 --- [main] o.apache.catalina.core.StandardService   : Starting service [Tomcat]
2025-09-29 19:50:00.039  INFO 7095 --- [main] org.apache.catalina.core.StandardEngine  : Starting Servlet engine: [Apache Tomcat/9.0.83]
2025-09-29 19:50:00.073  INFO 7095 --- [main] o.a.c.c.C.[Tomcat].[localhost].[/]       : Initializing Spring embedded WebApplicationContext
2025-09-29 19:50:00.073  INFO 7095 --- [main] w.s.c.ServletWebServerApplicationContext : Root WebApplicationContext: initialization completed in 529 ms
2025-09-29 19:50:00.156  WARN 7095 --- [main] ConfigServletWebServerApplicationContext : Exception encountered during context initialization - cancelling refresh attempt: org.springframework.beans.factory.UnsatisfiedDependencyException: Error creating bean with name 'deployController': Unsatisfied dependency expressed through field 'deployService'; nested exception is org.springframework.beans.factory.UnsatisfiedDependencyException: Error creating bean with name 'deployService': Unsatisfied dependency expressed through field 'rollbackService'; nested exception is org.springframework.beans.factory.UnsatisfiedDependencyException: Error creating bean with name 'rollbackService': Unsatisfied dependency expressed through field 'jedisCluster'; nested exception is org.springframework.beans.factory.NoSuchBeanDefinitionException: No qualifying bean of type 'redis.clients.jedis.JedisCluster' available: expected at least 1 bean which qualifies as autowire candidate. Dependency annotations: {@org.springframework.beans.factory.annotation.Autowired(required=true)}
2025-09-29 19:50:00.157  INFO 7095 --- [main] o.apache.catalina.core.StandardService   : Stopping service [Tomcat]
2025-09-29 19:50:00.161  INFO 7095 --- [main] ConditionEvaluationReportLoggingListener : 

Error starting ApplicationContext. To display the conditions report re-run your application with 'debug' enabled.
2025-09-29 19:50:00.169 ERROR 7095 --- [main] o.s.b.d.LoggingFailureAnalysisReporter   : 

***************************
APPLICATION FAILED TO START
***************************

Description:

Field jedisCluster in com.redis.jedis.service.RollbackService required a bean of type 'redis.clients.jedis.JedisCluster' that could not be found.

The injection point has the following annotations:
	- @org.springframework.beans.factory.annotation.Autowired(required=true)


Action:

Consider defining a bean of type 'redis.clients.jedis.JedisCluster' in your configuration.

2025-09-29 19:51:01.167  INFO 7497 --- [main] com.redis.jedis.MasterApplication        : Starting MasterApplication using Java 1.8.0_462 on Mac with PID 7497 (/Users/lm/Documents/projects/springboot-jgit/cursor/master/target/classes started by lm in /Users/lm/Documents/projects/springboot-jgit/cursor)
2025-09-29 19:51:01.168  INFO 7497 --- [main] com.redis.jedis.MasterApplication        : No active profile set, falling back to 1 default profile: "default"
2025-09-29 19:51:01.689  INFO 7497 --- [main] o.s.b.w.embedded.tomcat.TomcatWebServer  : Tomcat initialized with port(s): 8080 (http)
2025-09-29 19:51:01.693  INFO 7497 --- [main] o.apache.catalina.core.StandardService   : Starting service [Tomcat]
2025-09-29 19:51:01.693  INFO 7497 --- [main] org.apache.catalina.core.StandardEngine  : Starting Servlet engine: [Apache Tomcat/9.0.83]
2025-09-29 19:51:01.726  INFO 7497 --- [main] o.a.c.c.C.[Tomcat].[localhost].[/]       : Initializing Spring embedded WebApplicationContext
2025-09-29 19:51:01.727  INFO 7497 --- [main] w.s.c.ServletWebServerApplicationContext : Root WebApplicationContext: initialization completed in 534 ms
2025-09-29 19:51:02.122  INFO 7497 --- [main] o.s.b.w.embedded.tomcat.TomcatWebServer  : Tomcat started on port(s): 8080 (http) with context path ''
2025-09-29 19:51:02.317  INFO 7497 --- [main] com.redis.jedis.MasterApplication        : Started MasterApplication in 1.356 seconds (JVM running for 1.562)
2025-09-29 19:55:39.283  INFO 8205 --- [main] com.redis.jedis.MasterApplication        : Starting MasterApplication using Java 1.8.0_462 on Mac with PID 8205 (/Users/lm/Documents/projects/springboot-jgit/cursor/master/target/classes started by lm in /Users/lm/Documents/projects/springboot-jgit/cursor)
2025-09-29 19:55:39.285  INFO 8205 --- [main] com.redis.jedis.MasterApplication        : No active profile set, falling back to 1 default profile: "default"
2025-09-29 19:55:39.892  INFO 8205 --- [main] o.s.b.w.embedded.tomcat.TomcatWebServer  : Tomcat initialized with port(s): 8080 (http)
2025-09-29 19:55:39.897  INFO 8205 --- [main] o.apache.catalina.core.StandardService   : Starting service [Tomcat]
2025-09-29 19:55:39.897  INFO 8205 --- [main] org.apache.catalina.core.StandardEngine  : Starting Servlet engine: [Apache Tomcat/9.0.83]
2025-09-29 19:55:39.934  INFO 8205 --- [main] o.a.c.c.C.[Tomcat].[localhost].[/]       : Initializing Spring embedded WebApplicationContext
2025-09-29 19:55:39.934  INFO 8205 --- [main] w.s.c.ServletWebServerApplicationContext : Root WebApplicationContext: initialization completed in 622 ms
2025-09-29 19:55:40.326  INFO 8205 --- [main] o.s.b.w.embedded.tomcat.TomcatWebServer  : Tomcat started on port(s): 8080 (http) with context path ''
2025-09-29 19:55:40.502  INFO 8205 --- [main] com.redis.jedis.MasterApplication        : Started MasterApplication in 1.439 seconds (JVM running for 1.674)
2025-09-29 19:57:22.773  INFO 8656 --- [main] com.redis.jedis.MasterApplication        : Starting MasterApplication using Java 1.8.0_462 on Mac with PID 8656 (/Users/lm/Documents/projects/springboot-jgit/cursor/master/target/classes started by lm in /Users/lm/Documents/projects/springboot-jgit/cursor)
2025-09-29 19:57:22.775  INFO 8656 --- [main] com.redis.jedis.MasterApplication        : No active profile set, falling back to 1 default profile: "default"
2025-09-29 19:57:23.274  INFO 8656 --- [main] o.s.b.w.embedded.tomcat.TomcatWebServer  : Tomcat initialized with port(s): 8080 (http)
2025-09-29 19:57:23.277  INFO 8656 --- [main] o.apache.catalina.core.StandardService   : Starting service [Tomcat]
2025-09-29 19:57:23.277  INFO 8656 --- [main] org.apache.catalina.core.StandardEngine  : Starting Servlet engine: [Apache Tomcat/9.0.83]
2025-09-29 19:57:23.304  INFO 8656 --- [main] o.a.c.c.C.[Tomcat].[localhost].[/]       : Initializing Spring embedded WebApplicationContext
2025-09-29 19:57:23.304  INFO 8656 --- [main] w.s.c.ServletWebServerApplicationContext : Root WebApplicationContext: initialization completed in 503 ms
2025-09-29 19:57:23.724  INFO 8656 --- [main] o.s.b.w.embedded.tomcat.TomcatWebServer  : Tomcat started on port(s): 8080 (http) with context path ''
2025-09-29 19:57:23.904  INFO 8656 --- [main] com.redis.jedis.MasterApplication        : Started MasterApplication in 1.3 seconds (JVM running for 1.449)
2025-09-29 19:59:38.111  INFO 9150 --- [main] com.redis.jedis.MasterApplication        : Starting MasterApplication using Java 1.8.0_462 on Mac with PID 9150 (/Users/lm/Documents/projects/springboot-jgit/cursor/master/target/classes started by lm in /Users/lm/Documents/projects/springboot-jgit/cursor)
2025-09-29 19:59:38.112  INFO 9150 --- [main] com.redis.jedis.MasterApplication        : No active profile set, falling back to 1 default profile: "default"
2025-09-29 19:59:38.597  INFO 9150 --- [main] o.s.b.w.embedded.tomcat.TomcatWebServer  : Tomcat initialized with port(s): 8080 (http)
2025-09-29 19:59:38.600  INFO 9150 --- [main] o.apache.catalina.core.StandardService   : Starting service [Tomcat]
2025-09-29 19:59:38.601  INFO 9150 --- [main] org.apache.catalina.core.StandardEngine  : Starting Servlet engine: [Apache Tomcat/9.0.83]
2025-09-29 19:59:38.630  INFO 9150 --- [main] o.a.c.c.C.[Tomcat].[localhost].[/]       : Initializing Spring embedded WebApplicationContext
2025-09-29 19:59:38.630  INFO 9150 --- [main] w.s.c.ServletWebServerApplicationContext : Root WebApplicationContext: initialization completed in 493 ms
2025-09-29 19:59:39.054  INFO 9150 --- [main] o.s.b.w.embedded.tomcat.TomcatWebServer  : Tomcat started on port(s): 8080 (http) with context path ''
2025-09-29 19:59:39.224  INFO 9150 --- [main] com.redis.jedis.MasterApplication        : Started MasterApplication in 1.289 seconds (JVM running for 1.434)
2025-09-29 20:00:28.647  INFO 9686 --- [main] com.redis.jedis.MasterApplication        : Starting MasterApplication using Java 1.8.0_462 on Mac with PID 9686 (/Users/lm/Documents/projects/springboot-jgit/cursor/master/target/classes started by lm in /Users/lm/Documents/projects/springboot-jgit/cursor)
2025-09-29 20:00:28.649  INFO 9686 --- [main] com.redis.jedis.MasterApplication        : No active profile set, falling back to 1 default profile: "default"
2025-09-29 20:00:29.189  INFO 9686 --- [main] o.s.b.w.embedded.tomcat.TomcatWebServer  : Tomcat initialized with port(s): 8080 (http)
2025-09-29 20:00:29.193  INFO 9686 --- [main] o.apache.catalina.core.StandardService   : Starting service [Tomcat]
2025-09-29 20:00:29.193  INFO 9686 --- [main] org.apache.catalina.core.StandardEngine  : Starting Servlet engine: [Apache Tomcat/9.0.83]
2025-09-29 20:00:29.227  INFO 9686 --- [main] o.a.c.c.C.[Tomcat].[localhost].[/]       : Initializing Spring embedded WebApplicationContext
2025-09-29 20:00:29.227  INFO 9686 --- [main] w.s.c.ServletWebServerApplicationContext : Root WebApplicationContext: initialization completed in 562 ms
2025-09-29 20:00:29.628  INFO 9686 --- [main] o.s.b.w.embedded.tomcat.TomcatWebServer  : Tomcat started on port(s): 8080 (http) with context path ''
2025-09-29 20:00:29.814  INFO 9686 --- [main] com.redis.jedis.MasterApplication        : Started MasterApplication in 1.366 seconds (JVM running for 1.558)
2025-09-29 20:07:19.053  INFO 10744 --- [main] com.redis.jedis.MasterApplication        : Starting MasterApplication using Java 1.8.0_462 on Mac with PID 10744 (/Users/lm/Documents/projects/springboot-jgit/cursor/master/target/classes started by lm in /Users/lm/Documents/projects/springboot-jgit/cursor)
2025-09-29 20:07:19.054  INFO 10744 --- [main] com.redis.jedis.MasterApplication        : No active profile set, falling back to 1 default profile: "default"
2025-09-29 20:07:19.573  INFO 10744 --- [main] o.s.b.w.embedded.tomcat.TomcatWebServer  : Tomcat initialized with port(s): 8080 (http)
2025-09-29 20:07:19.577  INFO 10744 --- [main] o.apache.catalina.core.StandardService   : Starting service [Tomcat]
2025-09-29 20:07:19.577  INFO 10744 --- [main] org.apache.catalina.core.StandardEngine  : Starting Servlet engine: [Apache Tomcat/9.0.83]
2025-09-29 20:07:19.605  INFO 10744 --- [main] o.a.c.c.C.[Tomcat].[localhost].[/]       : Initializing Spring embedded WebApplicationContext
2025-09-29 20:07:19.605  INFO 10744 --- [main] w.s.c.ServletWebServerApplicationContext : Root WebApplicationContext: initialization completed in 532 ms
2025-09-29 20:07:20.025  INFO 10744 --- [main] o.s.b.w.embedded.tomcat.TomcatWebServer  : Tomcat started on port(s): 8080 (http) with context path ''
2025-09-29 20:07:20.203  INFO 10744 --- [main] com.redis.jedis.MasterApplication        : Started MasterApplication in 1.374 seconds (JVM running for 1.579)
2025-09-29 20:07:45.629  INFO 10744 --- [http-nio-8080-exec-1] o.a.c.c.C.[Tomcat].[localhost].[/]       : Initializing Spring DispatcherServlet 'dispatcherServlet'
2025-09-29 20:07:45.629  INFO 10744 --- [http-nio-8080-exec-1] o.s.web.servlet.DispatcherServlet        : Initializing Servlet 'dispatcherServlet'
2025-09-29 20:07:45.630  INFO 10744 --- [http-nio-8080-exec-1] o.s.web.servlet.DispatcherServlet        : Completed initialization in 0 ms
2025-09-29 20:07:45.639  WARN 10744 --- [http-nio-8080-exec-1] o.s.web.servlet.PageNotFound             : No mapping for GET /v3/api-docs/swagger-config
2025-09-29 20:08:04.847  WARN 10744 --- [http-nio-8080-exec-2] o.s.web.servlet.PageNotFound             : No mapping for GET /.well-known/appspecific/com.chrome.devtools.json
2025-09-29 20:08:51.702  WARN 10744 --- [http-nio-8080-exec-5] o.s.web.servlet.PageNotFound             : No mapping for GET /.well-known/appspecific/com.chrome.devtools.json
2025-09-29 20:08:51.985  WARN 10744 --- [http-nio-8080-exec-6] o.s.web.servlet.PageNotFound             : No mapping for GET /v3/api-docs/swagger-config
2025-09-29 20:09:14.249  WARN 10744 --- [http-nio-8080-exec-2] o.s.web.servlet.PageNotFound             : No mapping for GET /.well-known/appspecific/com.chrome.devtools.json
2025-09-29 20:09:14.464  WARN 10744 --- [http-nio-8080-exec-3] o.s.web.servlet.PageNotFound             : No mapping for GET /v3/api-docs/swagger-config
2025-09-29 20:09:15.524  WARN 10744 --- [http-nio-8080-exec-5] o.s.web.servlet.PageNotFound             : No mapping for GET /.well-known/appspecific/com.chrome.devtools.json
2025-09-29 20:09:15.728  WARN 10744 --- [http-nio-8080-exec-6] o.s.web.servlet.PageNotFound             : No mapping for GET /v3/api-docs/swagger-config
2025-09-29 20:10:45.627  WARN 10744 --- [http-nio-8080-exec-10] o.s.web.servlet.PageNotFound             : No mapping for GET /.well-known/appspecific/com.chrome.devtools.json
2025-09-29 20:10:45.966  WARN 10744 --- [http-nio-8080-exec-1] o.s.web.servlet.PageNotFound             : No mapping for GET /v3/api-docs/swagger-config
2025-09-29 20:12:03.128  INFO 11917 --- [main] com.redis.jedis.MasterApplication        : Starting MasterApplication using Java 1.8.0_462 on Mac with PID 11917 (/Users/lm/Documents/projects/springboot-jgit/cursor/master/target/classes started by lm in /Users/lm/Documents/projects/springboot-jgit/cursor)
2025-09-29 20:12:03.132  INFO 11917 --- [main] com.redis.jedis.MasterApplication        : No active profile set, falling back to 1 default profile: "default"
2025-09-29 20:12:03.619  INFO 11917 --- [main] o.s.b.w.embedded.tomcat.TomcatWebServer  : Tomcat initialized with port(s): 8080 (http)
2025-09-29 20:12:03.623  INFO 11917 --- [main] o.apache.catalina.core.StandardService   : Starting service [Tomcat]
2025-09-29 20:12:03.624  INFO 11917 --- [main] org.apache.catalina.core.StandardEngine  : Starting Servlet engine: [Apache Tomcat/9.0.83]
2025-09-29 20:12:03.648  INFO 11917 --- [main] o.a.c.c.C.[Tomcat].[localhost].[/]       : Initializing Spring embedded WebApplicationContext
2025-09-29 20:12:03.648  INFO 11917 --- [main] w.s.c.ServletWebServerApplicationContext : Root WebApplicationContext: initialization completed in 493 ms
2025-09-29 20:12:04.056  INFO 11917 --- [main] o.s.b.w.embedded.tomcat.TomcatWebServer  : Tomcat started on port(s): 8080 (http) with context path ''
2025-09-29 20:12:04.232  INFO 11917 --- [main] com.redis.jedis.MasterApplication        : Started MasterApplication in 1.293 seconds (JVM running for 1.453)
